<?xml version="1.0" encoding="UTF-8"?>
<testng-results total="1" passed="1" failed="0" skipped="0">
  <reporter-output>
  </reporter-output>
  <suite started-at="2024-06-18T08:23:34Z" name="Demo" finished-at="2024-06-18T08:23:50Z" duration-ms="16014">
    <groups>
    </groups>
    <test started-at="2024-06-18T08:23:34Z" name="Test" finished-at="2024-06-18T08:23:50Z" duration-ms="16014">
      <class name="com.saucedemp.tests.CheckoutWithValidCard">
        <test-method is-config="true" signature="setUp()[pri:0, instance:com.saucedemp.tests.CheckoutWithValidCard@6e20b53a]" started-at="2024-06-18T13:53:34Z" name="setUp" finished-at="2024-06-18T13:53:40Z" duration-ms="6134" status="PASS">
          <reporter-output>
          </reporter-output>
        </test-method> <!-- setUp -->
        <test-method signature="test_checkout_with_single_item()[pri:0, instance:com.saucedemp.tests.CheckoutWithValidCard@6e20b53a]" started-at="2024-06-18T13:53:40Z" name="test_checkout_with_single_item" finished-at="2024-06-18T13:53:50Z" duration-ms="9184" status="PASS">
          <reporter-output>
          </reporter-output>
        </test-method> <!-- test_checkout_with_single_item -->
      </class> <!-- com.saucedemp.tests.CheckoutWithValidCard -->
    </test> <!-- Test -->
  </suite> <!-- Demo -->
</testng-results>
